<?xml version="1.0" encoding="UTF-8"?>
<testng-results ignored="0" total="3" passed="2" failed="1" skipped="0">
  <reporter-output>
  </reporter-output>
  <suite started-at="2026-01-30T10:16:58 IST" name="Default suite" finished-at="2026-01-30T10:16:58 IST" duration-ms="53">
    <groups>
      <group name="Regression">
        <method signature="TestNGAnnotations.testCase3()[pri:0, instance:day28.TestNGAnnotations@5119fb47]" name="testCase3" class="day28.TestNGAnnotations"/>
      </group> <!-- Regression -->
      <group name="Smoke">
        <method signature="TestNGAnnotations.testCase1()[pri:0, instance:day28.TestNGAnnotations@5119fb47]" name="testCase1" class="day28.TestNGAnnotations"/>
        <method signature="TestNGAnnotations.testCase2()[pri:0, instance:day28.TestNGAnnotations@5119fb47]" name="testCase2" class="day28.TestNGAnnotations"/>
      </group> <!-- Smoke -->
    </groups>
    <test started-at="2026-01-30T10:16:58 IST" name="Default test" finished-at="2026-01-30T10:16:58 IST" duration-ms="53">
      <class name="day28.TestNGAnnotations">
        <test-method signature="testCase1()[pri:0, instance:day28.TestNGAnnotations@5119fb47]" started-at="2026-01-30T10:16:58 IST" name="testCase1" finished-at="2026-01-30T10:16:58 IST" duration-ms="11" status="PASS">
          <reporter-output>
          </reporter-output>
        </test-method> <!-- testCase1 -->
        <test-method signature="testCase2()[pri:0, instance:day28.TestNGAnnotations@5119fb47]" started-at="2026-01-30T10:16:58 IST" name="testCase2" finished-at="2026-01-30T10:16:58 IST" duration-ms="2" status="FAIL">
          <exception class="java.lang.AssertionError">
            <message>
              <![CDATA[null]]>
            </message>
            <full-stacktrace>
              <![CDATA[java.lang.AssertionError: null
at org.testng.Assert.fail(Assert.java:99)
at org.testng.Assert.fail(Assert.java:106)
at day28.TestNGAnnotations.testCase2(TestNGAnnotations.java:18)
at java.base/jdk.internal.reflect.DirectMethodHandleAccessor.invoke(DirectMethodHandleAccessor.java:103)
at java.base/java.lang.reflect.Method.invoke(Method.java:580)
at org.testng.internal.MethodInvocationHelper.invokeMethod(MethodInvocationHelper.java:133)
at org.testng.internal.TestInvoker.invokeMethod(TestInvoker.java:598)
at org.testng.internal.TestInvoker.invokeTestMethod(TestInvoker.java:173)
at org.testng.internal.MethodRunner.runInSequence(MethodRunner.java:46)
at org.testng.internal.TestInvoker$MethodInvocationAgent.invoke(TestInvoker.java:824)
at org.testng.internal.TestInvoker.invokeTestMethods(TestInvoker.java:146)
at org.testng.internal.TestMethodWorker.invokeTestMethods(TestMethodWorker.java:146)
at org.testng.internal.TestMethodWorker.run(TestMethodWorker.java:128)
at java.base/java.util.ArrayList.forEach(ArrayList.java:1596)
at org.testng.TestRunner.privateRun(TestRunner.java:794)
at org.testng.TestRunner.run(TestRunner.java:596)
at org.testng.SuiteRunner.runTest(SuiteRunner.java:377)
at org.testng.SuiteRunner.runSequentially(SuiteRunner.java:371)
at org.testng.SuiteRunner.privateRun(SuiteRunner.java:332)
at org.testng.SuiteRunner.run(SuiteRunner.java:276)
at org.testng.SuiteRunnerWorker.runSuite(SuiteRunnerWorker.java:53)
at org.testng.SuiteRunnerWorker.run(SuiteRunnerWorker.java:96)
at org.testng.TestNG.runSuitesSequentially(TestNG.java:1212)
at org.testng.TestNG.runSuitesLocally(TestNG.java:1134)
at org.testng.TestNG.runSuites(TestNG.java:1063)
at org.testng.TestNG.run(TestNG.java:1031)
at org.testng.remote.AbstractRemoteTestNG.run(AbstractRemoteTestNG.java:115)
at org.testng.remote.RemoteTestNG.initAndRun(RemoteTestNG.java:293)
at org.testng.remote.RemoteTestNG.main(RemoteTestNG.java:91)
]]>
            </full-stacktrace>
          </exception> <!-- java.lang.AssertionError -->
          <reporter-output>
          </reporter-output>
        </test-method> <!-- testCase2 -->
        <test-method signature="testCase3()[pri:0, instance:day28.TestNGAnnotations@5119fb47]" started-at="2026-01-30T10:16:58 IST" name="testCase3" finished-at="2026-01-30T10:16:58 IST" duration-ms="0" status="PASS">
          <reporter-output>
          </reporter-output>
        </test-method> <!-- testCase3 -->
      </class> <!-- day28.TestNGAnnotations -->
    </test> <!-- Default test -->
  </suite> <!-- Default suite -->
</testng-results>
