<?xml version="1.0" encoding="UTF-8"?>
<testng-results ignored="2" total="3" passed="1" failed="0" skipped="0">
  <reporter-output>
  </reporter-output>
  <suite started-at="2026-01-30T08:33:40 IST" name="Suite" finished-at="2026-01-30T08:33:40 IST" duration-ms="61">
    <groups>
      <group name="Smoke">
        <method signature="TestNGAnnotations.testCase2()[pri:0, instance:day28.TestNGAnnotations@5f058f00]" name="testCase2" class="day28.TestNGAnnotations"/>
      </group> <!-- Smoke -->
    </groups>
    <test started-at="2026-01-30T08:33:40 IST" name="Test" finished-at="2026-01-30T08:33:40 IST" duration-ms="61">
      <class name="day28.TestNGAnnotations">
        <test-method signature="testCase2()[pri:0, instance:day28.TestNGAnnotations@5f058f00]" started-at="2026-01-30T08:33:40 IST" name="testCase2" finished-at="2026-01-30T08:33:40 IST" duration-ms="12" status="PASS">
          <reporter-output>
          </reporter-output>
        </test-method> <!-- testCase2 -->
      </class> <!-- day28.TestNGAnnotations -->
    </test> <!-- Test -->
  </suite> <!-- Suite -->
</testng-results>
