<?xml version="1.0" encoding="UTF-8"?>
<!-- Generated by org.testng.reporters.JUnitXMLReporter -->
<testsuite ignored="2" hostname="Venkataraghavan-Pillay" failures="0" tests="1" name="Test" time="0.061" errors="0" timestamp="2026-01-30T08:33:40 IST">
  <testcase classname="day28.TestNGAnnotations" name="testCase2" time="0.012"/>
  <testcase classname="day28.TestNGAnnotations" name="testCase1" time="0.0">
    <ignored/>
  </testcase> <!-- testCase1 -->
  <testcase classname="day28.TestNGAnnotations" name="testCase3" time="0.0">
    <ignored/>
  </testcase> <!-- testCase3 -->
</testsuite> <!-- Test -->
