<?xml version="1.0" encoding="UTF-8"?>
<!-- Generated by org.testng.reporters.JUnitXMLReporter -->
<testsuite ignored="0" hostname="Venkataraghavan-Pillay" failures="0" tests="3" name="Default test" time="0.062" errors="0" timestamp="2026-01-30T08:24:31 IST">
  <testcase classname="day28.TestNGAnnotations" name="testCase1" time="0.012"/>
  <testcase classname="day28.TestNGAnnotations" name="testCase2" time="0.002"/>
  <testcase classname="day28.TestNGAnnotations" name="testCase3" time="0.002"/>
</testsuite> <!-- Default test -->
